C:\Users\TK\Desktop\hyeni-1\.reports\final-device-qa\logcat\final-parent-after-latest-install-raw.log:31:05-12 04:41:08.190 I/StaticBroadcastReceiver( 5748): [#CMH#] Permission Updated : Action received  android.intent.action.PACKAGE_DATA_CLEARED
C:\Users\TK\Desktop\hyeni-1\.reports\final-device-qa\logcat\final-parent-after-latest-install-raw.log:39:05-12 04:41:08.207 I/NearbyDiscovery(27738): (REDACTED) processGrantSlicePermission: %s
C:\Users\TK\Desktop\hyeni-1\.reports\final-device-qa\logcat\final-parent-after-latest-install-raw.log:172:05-12 04:41:08.414 I/WindowsLink( 7938): (BaseContentProvider) call: method = capability_get_last_anr / subMethod = capability_get_last_anr
C:\Users\TK\Desktop\hyeni-1\.reports\final-device-qa\logcat\final-parent-after-latest-install-raw.log:174:05-12 04:41:08.416 I/WindowsLink( 7938): (BaseContentProvider) call: method = PermissionManager@getPregrantedPermissions / subMethod = getPregrantedPermissions
C:\Users\TK\Desktop\hyeni-1\.reports\final-device-qa\logcat\final-parent-after-latest-install-raw.log:192:05-12 04:41:08.420 I/WindowsLink( 7938): (BaseContentProvider) call: method = PermissionManager@deactivatePermissionManager / subMethod = deactivatePermissionManager
C:\Users\TK\Desktop\hyeni-1\.reports\final-device-qa\logcat\final-parent-after-latest-install-raw.log:195:05-12 04:41:08.422 I/WindowsLink( 7938): (BaseContentProvider) call: method = DeviceInfo@getLastAnr / subMethod = getLastAnr
C:\Users\TK\Desktop\hyeni-1\.reports\final-device-qa\logcat\final-parent-after-latest-install-raw.log:199:05-12 04:41:08.427 I/AnrCollector( 1232): gatLastAnr - lastAnrFile : null
C:\Users\TK\Desktop\hyeni-1\.reports\final-device-qa\logcat\final-parent-after-latest-install-raw.log:200:05-12 04:41:08.428 I/AnrCollector( 1232): write : 0
C:\Users\TK\Desktop\hyeni-1\.reports\final-device-qa\logcat\final-parent-after-latest-install-raw.log:201:05-12 04:41:08.428 I/AnrCollector( 1232): mOut.close()
C:\Users\TK\Desktop\hyeni-1\.reports\final-device-qa\logcat\final-parent-after-latest-install-raw.log:811:05-12 04:41:16.857 I/AconfigPackage( 8086): android.permission.flags is mapped to system
C:\Users\TK\Desktop\hyeni-1\.reports\final-device-qa\logcat\final-parent-after-latest-install-raw.log:885:05-12 04:41:16.862 I/AconfigPackage( 8086): com.android.permission.flags is mapped to com.android.permission
C:\Users\TK\Desktop\hyeni-1\.reports\final-device-qa\logcat\final-parent-after-latest-install-raw.log:965:05-12 04:41:16.908 I/ActivityTaskManager( 1232): START u0 {act=android.intent.action.MAIN cat=[android.intent.category.LAUNCHER] flg=0x10200000 cmp=com.hyeni.calendar/.MainActivity} with LAUNCH_SINGLE_TASK from uid 2000 (BAL_ALLOW_PERMISSION) result code=0
C:\Users\TK\Desktop\hyeni-1\.reports\final-device-qa\logcat\final-parent-after-latest-install-raw.log:2043:05-12 04:41:17.658 D/Capacitor( 8105): Registering plugin instance: CameraPermission
C:\Users\TK\Desktop\hyeni-1\.reports\final-device-qa\logcat\final-parent-after-latest-install-raw.log:2054:05-12 04:41:17.708 W/cr_media( 8105): BLUETOOTH_CONNECT permission is missing.
C:\Users\TK\Desktop\hyeni-1\.reports\final-device-qa\logcat\final-parent-after-latest-install-raw.log:2055:05-12 04:41:17.708 W/cr_media( 8105): getBluetoothAdapter() requires BLUETOOTH permission
C:\Users\TK\Desktop\hyeni-1\.reports\final-device-qa\logcat\final-parent-after-latest-install-raw.log:2056:05-12 04:41:17.708 W/cr_media( 8105): registerBluetoothIntentsIfNeeded: Requires BLUETOOTH permission
C:\Users\TK\Desktop\hyeni-1\.reports\final-device-qa\logcat\final-parent-after-latest-install-raw.log:2061:05-12 04:41:17.716 D/NativePermissionController(  975): checkPermission: missing 13 for 10340
C:\Users\TK\Desktop\hyeni-1\.reports\final-device-qa\logcat\final-parent-after-latest-install-raw.log:2062:05-12 04:41:17.716 D/NativePermissionController(  975): checkPermission: missing 13 for 10340
C:\Users\TK\Desktop\hyeni-1\.reports\final-device-qa\logcat\final-parent-after-latest-install-raw.log:2083:05-12 04:41:17.736 D/NativePermissionController(  975): checkPermission: missing 13 for 10340
C:\Users\TK\Desktop\hyeni-1\.reports\final-device-qa\logcat\final-parent-after-latest-install-raw.log:2085:05-12 04:41:17.738 D/NativePermissionController(  975): checkPermission: missing 13 for 10340
C:\Users\TK\Desktop\hyeni-1\.reports\final-device-qa\logcat\final-parent-after-latest-install-raw.log:2150:05-12 04:41:17.774 I/AttributionAndPermissionUtils( 1096): checkPermission (forDataDelivery 0 startDataDelivery 0): Permission hard denied for client attribution [uid 10340, pid 8105, packageName "<unknown>"]
C:\Users\TK\Desktop\hyeni-1\.reports\final-device-qa\logcat\final-parent-after-latest-install-raw.log:2716:05-12 04:41:18.243 I/Capacitor/Console( 8105): File:  - Line 333 - Msg: {"notificationsEnabled":false,"postPermissionGranted":false,"batteryOptimizationsIgnored":true,"powerSaveMode":false,"backgroundRestricted":false,"fullScreenIntentAllowed":true,"exactAlarmAllowed":true,"channelsEnabled":true,"recordAudioGranted":false,"remoteListenChannelEnabled":true,"remoteListenChannelImportance":3,"remoteListenChannelBlocked":false,"ringerMode":"vibrate","dndMode":"all","dndAccess":false,"networkConnected":true,"networkValidated":true,"screenInteractive":true,"keyguardLocked":false,"screenWidthDp":384,"screenHeightDp":832,"smallestScreenWidthDp":384,"foldState":"not_foldable_or_unknown","locationServiceRunning":false,"sdkInt":36,"manufacturer":"samsung","model":"SM-A556S","ready":false}
C:\Users\TK\Desktop\hyeni-1\.reports\final-device-qa\logcat\final-parent-after-latest-install-raw.log:2728:05-12 04:41:18.261 E/Capacitor/Console( 8105): File: https://localhost/assets/index--250WO3Y.js - Line 65 - Msg: Uncaught (in promise) Error: "BackgroundLocation.then()" is not implemented on android
C:\Users\TK\Desktop\hyeni-1\.reports\final-device-qa\logcat\final-parent-after-latest-install-raw.log:2985:05-12 04:41:22.985 I/MainActivity( 8105): FCM token primed: feZWqlyySlGU5LDWS3QK...
C:\Users\TK\Desktop\hyeni-1\.reports\final-device-qa\logcat\final-parent-after-latest-install-raw.log:2986:05-12 04:41:22.987 I/FCMService( 8105): FCM token refreshed
C:\Users\TK\Desktop\hyeni-1\.reports\final-device-qa\logcat\final-parent-after-latest-install-raw.log:2987:05-12 04:41:22.988 W/FCMService( 8105): FCM token sync skipped: push context not ready yet
C:\Users\TK\Desktop\hyeni-1\.reports\final-device-qa\logcat\final-parent-after-latest-install-raw.log:3232:05-12 04:41:25.782 I/GOS:AidlService( 4703): getPermissionInfo(), callerUid: 10059
C:\Users\TK\Desktop\hyeni-1\.reports\final-device-qa\logcat\final-parent-after-latest-install-raw.log:3238:05-12 04:41:25.789 I/GOS:AidlService( 4703): getPermissionInfo(), callerPkgName from Uid: com.samsung.accessory.budsunitemgr
C:\Users\TK\Desktop\hyeni-1\.reports\final-device-qa\logcat\final-parent-after-latest-install-raw.log:3240:05-12 04:41:25.793 I/GOS:AidlService( 4703): getPermissionInfo(), platform signature
C:\Users\TK\Desktop\hyeni-1\.reports\final-device-qa\logcat\final-parent-after-latest-install-raw.log:3462:05-12 04:41:26.118 I/SamsungAccount( 5598): [PermissionsUtils] checkPrivilegedPhonePermissionOfCallingPackage
C:\Users\TK\Desktop\hyeni-1\.reports\final-device-qa\logcat\final-parent-after-latest-install-raw.log:3463:05-12 04:41:26.119 I/SamsungAccount( 5598): [PermissionsUtils] hasPrivilegedPhonePermission : false
C:\Users\TK\Desktop\hyeni-1\.reports\final-device-qa\logcat\final-parent-after-latest-install-raw.log:3643:05-12 04:41:26.526 W/AppOpService( 1232): Ignored setUidMode call for runtime permission app op: uid = 1001, code = RECEIVE_WAP_PUSH, mode = allow, callingUid = 1001, oldMode = allow
C:\Users\TK\Desktop\hyeni-1\.reports\final-device-qa\logcat\final-parent-after-latest-install-raw.log:3644:05-12 04:41:26.527 W/AppOpService( 1232): Ignored setUidMode call for runtime permission app op: uid = 1001, code = READ_CELL_BROADCASTS, mode = allow, callingUid = 1001, oldMode = allow
C:\Users\TK\Desktop\hyeni-1\.reports\final-device-qa\logcat\final-parent-after-latest-install-raw.log:3645:05-12 04:41:26.527 W/AppOpService( 1232): Ignored setUidMode call for runtime permission app op: uid = 1001, code = RECEIVE_WAP_PUSH, mode = allow, callingUid = 1001, oldMode = allow
C:\Users\TK\Desktop\hyeni-1\.reports\final-device-qa\logcat\final-parent-after-latest-install-raw.log:3646:05-12 04:41:26.528 W/AppOpService( 1232): Ignored setUidMode call for runtime permission app op: uid = 1001, code = READ_CELL_BROADCASTS, mode = allow, callingUid = 1001, oldMode = allow
C:\Users\TK\Desktop\hyeni-1\.reports\final-device-qa\logcat\final-parent-after-latest-install-raw.log:3819:05-12 04:41:26.543 I/Role    ( 1232): com.google.android.gms not qualified for android.app.role.SYSTEM_DEPENDENCY_INSTALLER due to missing RequiredComponent{mIntentFilterData=IntentFilterData{mAction='android.content.pm.action.INSTALL_DEPENDENCY', mCategories='[]', mDataScheme='null', mDataType='null'}, mMinTargetSdkVersion=1, mFlags='0', mPermission='android.permission.BIND_DEPENDENCY_INSTALLER', mQueryFlags=0, mMetaData=[]}
C:\Users\TK\Desktop\hyeni-1\.reports\final-device-qa\logcat\final-parent-after-latest-install-raw.log:3844:05-12 04:41:26.546 W/AppOpService( 1232): Ignored setUidMode call for runtime permission app op: uid = 1001, code = RECEIVE_WAP_PUSH, mode = allow, callingUid = 1001, oldMode = allow
C:\Users\TK\Desktop\hyeni-1\.reports\final-device-qa\logcat\final-parent-after-latest-install-raw.log:3853:05-12 04:41:26.547 I/PermissionControllerServiceImpl( 4815): Updating user sensitive for uid 10273
C:\Users\TK\Desktop\hyeni-1\.reports\final-device-qa\logcat\final-parent-after-latest-install-raw.log:3855:05-12 04:41:26.547 I/PermissionControllerServiceImpl( 4815): Updating user sensitive for uid 10275
C:\Users\TK\Desktop\hyeni-1\.reports\final-device-qa\logcat\final-parent-after-latest-install-raw.log:3897:05-12 04:41:26.550 W/AppOpService( 1232): Ignored setUidMode call for runtime permission app op: uid = 1001, code = RECEIVE_WAP_PUSH, mode = allow, callingUid = 1001, oldMode = allow
C:\Users\TK\Desktop\hyeni-1\.reports\final-device-qa\logcat\final-parent-after-latest-install-raw.log:3898:05-12 04:41:26.550 W/AppOpService( 1232): Ignored setUidMode call for runtime permission app op: uid = 1001, code = READ_CELL_BROADCASTS, mode = allow, callingUid = 1001, oldMode = allow
C:\Users\TK\Desktop\hyeni-1\.reports\final-device-qa\logcat\final-parent-after-latest-install-raw.log:3900:05-12 04:41:26.552 E/AppOpService( 1232): Blocked setUidMode call for runtime permission app op: uid = 1000, code = CAMERA, mode = foreground, callingUid = 1000, oldMode = allow
C:\Users\TK\Desktop\hyeni-1\.reports\final-device-qa\logcat\final-parent-after-latest-install-raw.log:3902:05-12 04:41:26.552 E/AppOpService( 1232): 	at com.android.server.permission.access.appop.AppOpService.setUidMode(qb/108067228 be9c9d633626068ab6074b53223268459f37a9444617eb3d90f6c0e448c6ee8c:159)
C:\Users\TK\Desktop\hyeni-1\.reports\final-device-qa\logcat\final-parent-after-latest-install-raw.log:3907:05-12 04:41:26.552 E/AppOpService( 1232): 	at com.android.role.controller.model.Permissions.setAppOpModeAsUser(Permissions.java:908)
C:\Users\TK\Desktop\hyeni-1\.reports\final-device-qa\logcat\final-parent-after-latest-install-raw.log:3908:05-12 04:41:26.552 E/AppOpService( 1232): 	at com.android.role.controller.model.Permissions.setAppOpUidModeAsUser(Permissions.java:885)
C:\Users\TK\Desktop\hyeni-1\.reports\final-device-qa\logcat\final-parent-after-latest-install-raw.log:3909:05-12 04:41:26.552 E/AppOpService( 1232): 	at com.android.role.controller.model.Permissions.grantPermissionAndAppOpAsUser(Permissions.java:373)
C:\Users\TK\Desktop\hyeni-1\.reports\final-device-qa\logcat\final-parent-after-latest-install-raw.log:3910:05-12 04:41:26.552 E/AppOpService( 1232): 	at com.android.role.controller.model.Permissions.grantSingleAsUser(Permissions.java:247)
C:\Users\TK\Desktop\hyeni-1\.reports\final-device-qa\logcat\final-parent-after-latest-install-raw.log:3911:05-12 04:41:26.552 E/AppOpService( 1232): 	at com.android.role.controller.model.Permissions.grantAsUser(Permissions.java:205)
C:\Users\TK\Desktop\hyeni-1\.reports\final-device-qa\logcat\final-parent-after-latest-install-raw.log:3932:05-12 04:41:26.568 W/AppOpService( 1232): Ignored setUidMode call for runtime permission app op: uid = 1001, code = READ_CELL_BROADCASTS, mode = allow, callingUid = 1001, oldMode = allow
C:\Users\TK\Desktop\hyeni-1\.reports\final-device-qa\logcat\final-parent-after-latest-install-raw.log:3946:05-12 04:41:26.587 W/AppOpService( 1232): Ignored setUidMode call for runtime permission app op: uid = 10251, code = FINE_LOCATION, mode = allow, callingUid = 1000, oldMode = allow
C:\Users\TK\Desktop\hyeni-1\.reports\final-device-qa\logcat\final-parent-after-latest-install-raw.log:4674:05-12 04:41:32.051 I/AconfigPackage( 8579): android.permission.flags is mapped to system
C:\Users\TK\Desktop\hyeni-1\.reports\final-device-qa\logcat\final-parent-after-latest-install-raw.log:4748:05-12 04:41:32.056 I/AconfigPackage( 8579): com.android.permission.flags is mapped to com.android.permission
