C:\Users\TK\Desktop\hyeni-1\.reports\final-device-qa\logcat\final-child-locked-after-latest-install-raw.log:3:05-12 04:41:07.853 I/ejla    (28894): (REDACTED) HDM. Ignoring irrelevant audio permission changes for package %s
C:\Users\TK\Desktop\hyeni-1\.reports\final-device-qa\logcat\final-child-locked-after-latest-install-raw.log:5:05-12 04:41:07.853 I/ejla    (28894): (REDACTED) HDM. Ignoring irrelevant audio permission changes for package %s
C:\Users\TK\Desktop\hyeni-1\.reports\final-device-qa\logcat\final-child-locked-after-latest-install-raw.log:19:05-12 04:41:07.856 E/SafeInvoker( 2878): 	at com.motorola.server.security.securevault.invoker.SafeInvoker.invokeWithClearCallingWithBooleanReturn(SafeInvoker.java:99)
C:\Users\TK\Desktop\hyeni-1\.reports\final-device-qa\logcat\final-child-locked-after-latest-install-raw.log:44:05-12 04:41:07.858 E/SafeInvoker( 2878): 	at com.motorola.server.security.securevault.invoker.SafeInvoker.invokeWithClearCallingWithBooleanReturn(SafeInvoker.java:99)
C:\Users\TK\Desktop\hyeni-1\.reports\final-device-qa\logcat\final-child-locked-after-latest-install-raw.log:72:05-12 04:41:07.861 E/SafeInvoker( 2878): 	at com.motorola.server.security.securevault.invoker.SafeInvoker.invokeWithClearCallingWithBooleanReturn(SafeInvoker.java:99)
C:\Users\TK\Desktop\hyeni-1\.reports\final-device-qa\logcat\final-child-locked-after-latest-install-raw.log:100:05-12 04:41:07.889 I/ejla    (28894): (REDACTED) HDM. Ignoring irrelevant audio permission changes for package %s
C:\Users\TK\Desktop\hyeni-1\.reports\final-device-qa\logcat\final-child-locked-after-latest-install-raw.log:102:05-12 04:41:07.890 I/ejla    (28894): (REDACTED) HDM. Ignoring irrelevant audio permission changes for package %s
C:\Users\TK\Desktop\hyeni-1\.reports\final-device-qa\logcat\final-child-locked-after-latest-install-raw.log:116:05-12 04:41:07.892 E/SafeInvoker( 2878): 	at com.motorola.server.security.securevault.invoker.SafeInvoker.invokeWithClearCallingWithBooleanReturn(SafeInvoker.java:99)
C:\Users\TK\Desktop\hyeni-1\.reports\final-device-qa\logcat\final-child-locked-after-latest-install-raw.log:151:05-12 04:41:07.905 E/SafeInvoker( 2878): 	at com.motorola.server.security.securevault.invoker.SafeInvoker.invokeWithClearCallingWithBooleanReturn(SafeInvoker.java:99)
C:\Users\TK\Desktop\hyeni-1\.reports\final-device-qa\logcat\final-child-locked-after-latest-install-raw.log:202:05-12 04:41:07.926 I/NearbyDiscovery( 4848): (REDACTED) processGrantSlicePermission: %s
C:\Users\TK\Desktop\hyeni-1\.reports\final-device-qa\logcat\final-child-locked-after-latest-install-raw.log:226:05-12 04:41:07.951 E/SafeInvoker( 2878): 	at com.motorola.server.security.securevault.invoker.SafeInvoker.invokeWithClearCallingWithBooleanReturn(SafeInvoker.java:99)
C:\Users\TK\Desktop\hyeni-1\.reports\final-device-qa\logcat\final-child-locked-after-latest-install-raw.log:251:05-12 04:41:07.952 E/SafeInvoker( 2878): 	at com.motorola.server.security.securevault.invoker.SafeInvoker.invokeWithClearCallingWithBooleanReturn(SafeInvoker.java:99)
C:\Users\TK\Desktop\hyeni-1\.reports\final-device-qa\logcat\final-child-locked-after-latest-install-raw.log:279:05-12 04:41:07.952 E/SafeInvoker( 2878): 	at com.motorola.server.security.securevault.invoker.SafeInvoker.invokeWithClearCallingWithBooleanReturn(SafeInvoker.java:99)
C:\Users\TK\Desktop\hyeni-1\.reports\final-device-qa\logcat\final-child-locked-after-latest-install-raw.log:295:05-12 04:41:07.956 D/SafetySourceDataValidat( 2878): No cert check requested for package com.google.android.permissioncontroller
C:\Users\TK\Desktop\hyeni-1\.reports\final-device-qa\logcat\final-child-locked-after-latest-install-raw.log:352:05-12 04:41:16.452 V/GrammaticalInflectionUtils( 2878): AttributionSource: android.content.AttributionSource@a3ac0620 does not have READ_SYSTEM_GRAMMATICAL_GENDER permission.
C:\Users\TK\Desktop\hyeni-1\.reports\final-device-qa\logcat\final-child-locked-after-latest-install-raw.log:373:05-12 04:41:16.466 I/ActivityTaskManager( 2878): START u0 {act=android.intent.action.MAIN cat=[android.intent.category.LAUNCHER] flg=0x10200000 cmp=com.hyeni.calendar/.MainActivity} with LAUNCH_SINGLE_TASK from uid 2000 (startActivityAsUser) (BAL_ALLOW_PERMISSION) result code=0
C:\Users\TK\Desktop\hyeni-1\.reports\final-device-qa\logcat\final-child-locked-after-latest-install-raw.log:378:05-12 04:41:16.473 V/GrammaticalInflectionUtils( 2878): AttributionSource: android.content.AttributionSource@a3ac0620 does not have READ_SYSTEM_GRAMMATICAL_GENDER permission.
C:\Users\TK\Desktop\hyeni-1\.reports\final-device-qa\logcat\final-child-locked-after-latest-install-raw.log:397:05-12 04:41:16.480 E/SafeInvoker( 2878): 	at com.motorola.server.security.securevault.invoker.SafeInvoker.invokeWithClearCallingWithBooleanReturn(SafeInvoker.java:99)
C:\Users\TK\Desktop\hyeni-1\.reports\final-device-qa\logcat\final-child-locked-after-latest-install-raw.log:429:05-12 04:41:16.483 E/SafeInvoker( 2878): 	at com.motorola.server.security.securevault.invoker.SafeInvoker.invokeWithClearCallingWithBooleanReturn(SafeInvoker.java:99)
C:\Users\TK\Desktop\hyeni-1\.reports\final-device-qa\logcat\final-child-locked-after-latest-install-raw.log:460:05-12 04:41:16.485 E/SafeInvoker( 2878): 	at com.motorola.server.security.securevault.invoker.SafeInvoker.invokeWithClearCallingWithBooleanReturn(SafeInvoker.java:99)
C:\Users\TK\Desktop\hyeni-1\.reports\final-device-qa\logcat\final-child-locked-after-latest-install-raw.log:494:05-12 04:41:16.537 V/GrammaticalInflectionUtils( 2878): AttributionSource: android.content.AttributionSource@3efe197b does not have READ_SYSTEM_GRAMMATICAL_GENDER permission.
C:\Users\TK\Desktop\hyeni-1\.reports\final-device-qa\logcat\final-child-locked-after-latest-install-raw.log:588:05-12 04:41:16.836 V/GrammaticalInflectionUtils( 2878): AttributionSource: android.content.AttributionSource@82d0b093 does not have READ_SYSTEM_GRAMMATICAL_GENDER permission.
C:\Users\TK\Desktop\hyeni-1\.reports\final-device-qa\logcat\final-child-locked-after-latest-install-raw.log:597:05-12 04:41:16.856 I/ejla    (28894): (REDACTED) HDM. Ignoring irrelevant audio permission changes for package %s
C:\Users\TK\Desktop\hyeni-1\.reports\final-device-qa\logcat\final-child-locked-after-latest-install-raw.log:599:05-12 04:41:16.856 I/ejla    (28894): (REDACTED) HDM. Ignoring irrelevant audio permission changes for package %s
C:\Users\TK\Desktop\hyeni-1\.reports\final-device-qa\logcat\final-child-locked-after-latest-install-raw.log:649:05-12 04:41:16.955 D/Capacitor(32294): Registering plugin instance: CameraPermission
C:\Users\TK\Desktop\hyeni-1\.reports\final-device-qa\logcat\final-child-locked-after-latest-install-raw.log:656:05-12 04:41:16.989 W/cr_media(32294): BLUETOOTH_CONNECT permission is missing.
C:\Users\TK\Desktop\hyeni-1\.reports\final-device-qa\logcat\final-child-locked-after-latest-install-raw.log:657:05-12 04:41:16.990 W/cr_media(32294): getBluetoothAdapter() requires BLUETOOTH permission
C:\Users\TK\Desktop\hyeni-1\.reports\final-device-qa\logcat\final-child-locked-after-latest-install-raw.log:658:05-12 04:41:16.990 W/cr_media(32294): registerBluetoothIntentsIfNeeded: Requires BLUETOOTH permission
C:\Users\TK\Desktop\hyeni-1\.reports\final-device-qa\logcat\final-child-locked-after-latest-install-raw.log:680:05-12 04:41:17.011 E/Capacitor/BrowserPlugin(32294): Error binding to custom tabs service
C:\Users\TK\Desktop\hyeni-1\.reports\final-device-qa\logcat\final-child-locked-after-latest-install-raw.log:786:05-12 04:41:17.255 I/Capacitor/Console(32294): File:  - Line 333 - Msg: {"notificationsEnabled":false,"postPermissionGranted":false,"batteryOptimizationsIgnored":true,"powerSaveMode":false,"backgroundRestricted":false,"fullScreenIntentAllowed":true,"exactAlarmAllowed":true,"channelsEnabled":true,"recordAudioGranted":false,"remoteListenChannelEnabled":true,"remoteListenChannelImportance":3,"remoteListenChannelBlocked":false,"ringerMode":"silent","dndMode":"priority","dndAccess":false,"networkConnected":true,"networkValidated":true,"screenInteractive":true,"keyguardLocked":true,"screenWidthDp":411,"screenHeightDp":1006,"smallestScreenWidthDp":411,"foldState":"not_foldable_or_unknown","locationServiceRunning":false,"sdkInt":35,"manufacturer":"motorola","model":"motorola razr 40 ultra","ready":false}
C:\Users\TK\Desktop\hyeni-1\.reports\final-device-qa\logcat\final-child-locked-after-latest-install-raw.log:789:05-12 04:41:17.261 E/Capacitor/Console(32294): File: https://localhost/assets/index--250WO3Y.js - Line 65 - Msg: Uncaught (in promise) Error: "BackgroundLocation.then()" is not implemented on android
C:\Users\TK\Desktop\hyeni-1\.reports\final-device-qa\logcat\final-child-locked-after-latest-install-raw.log:805:05-12 04:41:17.470 I/ejla    (28894): (REDACTED) HDM. Ignoring irrelevant audio permission changes for package %s
C:\Users\TK\Desktop\hyeni-1\.reports\final-device-qa\logcat\final-child-locked-after-latest-install-raw.log:807:05-12 04:41:17.470 I/ejla    (28894): (REDACTED) HDM. Ignoring irrelevant audio permission changes for package %s
C:\Users\TK\Desktop\hyeni-1\.reports\final-device-qa\logcat\final-child-locked-after-latest-install-raw.log:847:05-12 04:41:17.880 I/PermissionControllerServiceImpl( 4181): Updating user sensitive for uid 10464
C:\Users\TK\Desktop\hyeni-1\.reports\final-device-qa\logcat\final-child-locked-after-latest-install-raw.log:855:05-12 04:41:17.890 W/AppOpService( 2878): Ignored setUidMode call for runtime permission app op: uid = 1001, code = READ_SMS, mode = allow, callingUid = 1001, oldMode = allow
C:\Users\TK\Desktop\hyeni-1\.reports\final-device-qa\logcat\final-child-locked-after-latest-install-raw.log:856:05-12 04:41:17.890 W/AppOpService( 2878): Ignored setUidMode call for runtime permission app op: uid = 1001, code = RECEIVE_SMS, mode = allow, callingUid = 1001, oldMode = allow
C:\Users\TK\Desktop\hyeni-1\.reports\final-device-qa\logcat\final-child-locked-after-latest-install-raw.log:857:05-12 04:41:17.890 W/AppOpService( 2878): Ignored setUidMode call for runtime permission app op: uid = 1001, code = RECEIVE_WAP_PUSH, mode = allow, callingUid = 1001, oldMode = allow
C:\Users\TK\Desktop\hyeni-1\.reports\final-device-qa\logcat\final-child-locked-after-latest-install-raw.log:858:05-12 04:41:17.890 W/AppOpService( 2878): Ignored setUidMode call for runtime permission app op: uid = 1001, code = SEND_SMS, mode = allow, callingUid = 1001, oldMode = allow
C:\Users\TK\Desktop\hyeni-1\.reports\final-device-qa\logcat\final-child-locked-after-latest-install-raw.log:859:05-12 04:41:17.891 W/AppOpService( 2878): Ignored setUidMode call for runtime permission app op: uid = 1001, code = READ_CELL_BROADCASTS, mode = allow, callingUid = 1001, oldMode = allow
C:\Users\TK\Desktop\hyeni-1\.reports\final-device-qa\logcat\final-child-locked-after-latest-install-raw.log:895:05-12 04:41:17.972 E/SafeInvoker( 2878): 	at com.motorola.server.security.securevault.invoker.SafeInvoker.invokeWithClearCallingWithBooleanReturn(SafeInvoker.java:99)
C:\Users\TK\Desktop\hyeni-1\.reports\final-device-qa\logcat\final-child-locked-after-latest-install-raw.log:944:05-12 04:41:18.478 V/GrammaticalInflectionUtils( 2878): AttributionSource: android.content.AttributionSource@84858932 does not have READ_SYSTEM_GRAMMATICAL_GENDER permission.
C:\Users\TK\Desktop\hyeni-1\.reports\final-device-qa\logcat\final-child-locked-after-latest-install-raw.log:975:05-12 04:41:18.677 W/cr_media(32308): BLUETOOTH_CONNECT permission is missing.
C:\Users\TK\Desktop\hyeni-1\.reports\final-device-qa\logcat\final-child-locked-after-latest-install-raw.log:976:05-12 04:41:18.678 W/cr_media(32308): getBluetoothAdapter() requires BLUETOOTH permission
C:\Users\TK\Desktop\hyeni-1\.reports\final-device-qa\logcat\final-child-locked-after-latest-install-raw.log:977:05-12 04:41:18.678 W/cr_media(32308): registerBluetoothIntentsIfNeeded: Requires BLUETOOTH permission
C:\Users\TK\Desktop\hyeni-1\.reports\final-device-qa\logcat\final-child-locked-after-latest-install-raw.log:1049:05-12 04:41:19.356 I/MainActivity(32294): FCM token primed: eP81z47fR6KucJViq-WN...
C:\Users\TK\Desktop\hyeni-1\.reports\final-device-qa\logcat\final-child-locked-after-latest-install-raw.log:1050:05-12 04:41:19.358 I/FCMService(32294): FCM token refreshed
C:\Users\TK\Desktop\hyeni-1\.reports\final-device-qa\logcat\final-child-locked-after-latest-install-raw.log:1051:05-12 04:41:19.359 W/FCMService(32294): FCM token sync skipped: push context not ready yet
C:\Users\TK\Desktop\hyeni-1\.reports\final-device-qa\logcat\final-child-locked-after-latest-install-raw.log:1064:05-12 04:41:19.405 E/DatabaseUtils( 3966): java.lang.SecurityException: No permission to access APN settings
C:\Users\TK\Desktop\hyeni-1\.reports\final-device-qa\logcat\final-child-locked-after-latest-install-raw.log:1065:05-12 04:41:19.405 E/DatabaseUtils( 3966): 	at com.android.providers.telephony.TelephonyProvider.checkPermissionForApnTable(TelephonyProvider.java:5927)
C:\Users\TK\Desktop\hyeni-1\.reports\final-device-qa\logcat\final-child-locked-after-latest-install-raw.log:1066:05-12 04:41:19.405 E/DatabaseUtils( 3966): 	at com.android.providers.telephony.TelephonyProvider.checkPermission(TelephonyProvider.java:5899)
C:\Users\TK\Desktop\hyeni-1\.reports\final-device-qa\logcat\final-child-locked-after-latest-install-raw.log:1067:05-12 04:41:19.405 E/DatabaseUtils( 3966): 	at com.android.providers.telephony.TelephonyProvider.checkPermissionCompat(TelephonyProvider.java:5944)
C:\Users\TK\Desktop\hyeni-1\.reports\final-device-qa\logcat\final-child-locked-after-latest-install-raw.log:1076:05-12 04:41:19.406 E/RequestContextBuilder( 6985): java.lang.SecurityException: No permission to access APN settings
C:\Users\TK\Desktop\hyeni-1\.reports\final-device-qa\logcat\final-child-locked-after-latest-install-raw.log:1204:05-12 04:41:27.314 E/SafeInvoker( 2878): 	at com.motorola.server.security.securevault.invoker.SafeInvoker.invokeWithClearCallingWithBooleanReturn(SafeInvoker.java:99)
C:\Users\TK\Desktop\hyeni-1\.reports\final-device-qa\logcat\final-child-locked-after-latest-install-raw.log:1227:05-12 04:41:27.419 V/GrammaticalInflectionUtils( 2878): AttributionSource: android.content.AttributionSource@863a61d1 does not have READ_SYSTEM_GRAMMATICAL_GENDER permission.
C:\Users\TK\Desktop\hyeni-1\.reports\final-device-qa\logcat\final-child-locked-after-latest-install-raw.log:1304:05-12 04:41:31.647 D/SafetySourceDataValidat( 2878): No cert check requested for package com.google.android.permissioncontroller
C:\Users\TK\Desktop\hyeni-1\.reports\final-device-qa\logcat\final-child-locked-after-latest-install-raw.log:1343:05-12 04:41:32.785 I/AccessibilityNodeInfoDumper(32694): Skipping invisible child: android.view.accessibility.AccessibilityNodeInfo@530fa; boundsInParent: Rect(0, 0 - 1080, 2640); boundsInScreen: Rect(0, 0 - 1080, 2640); boundsInWindow: Rect(0, 0 - 1080, 2640); packageName: com.android.systemui; className: android.view.ViewGroup; text: null; error: null; maxTextLength: -1; stateDescription: null; contentDescription: null; tooltipText: null; containerTitle: null; viewIdResName: com.android.systemui:id/keyguard_root_view; uniqueId: null; checkable: false; checked: false; focusable: false; focused: false; selected: false; clickable: false; longClickable: false; contextClickable: false; enabled: true; password: false; scrollable: false; granularScrollingSupported: false; importantForAccessibility: false; visible: false; actions: [AccessibilityAction: ACTION_SELECT - null, AccessibilityAction: ACTION_CLEAR_SELECTION - null, AccessibilityAction: ACTION_ACCESSIBILITY_FOCUS - null, AccessibilityAction: ACTION_SHOW_ON_SCREEN - null]; isTextSelectable: false
C:\Users\TK\Desktop\hyeni-1\.reports\final-device-qa\logcat\final-child-locked-after-latest-install-raw.log:1495:05-12 04:42:00.015 V/KeyguardStatusViewController( 3765): onTimeChanged
